<?xml version="1.0" encoding="UTF-8"?>
<testng-results ignored="0" total="1" passed="1" failed="0" skipped="0">
  <reporter-output>
    <line>
      <![CDATA[Test case PASSED: loginFiled]]>
    </line>
  </reporter-output>
  <suite started-at="2025-07-31T14:49:46 IST" name="Default suite" finished-at="2025-07-31T14:50:04 IST" duration-ms="17488">
    <groups>
    </groups>
    <test started-at="2025-07-31T14:49:46 IST" name="Default test" finished-at="2025-07-31T14:50:04 IST" duration-ms="17488">
      <class name="LoginPage.looginPage">
        <test-method is-config="true" signature="extentReport()[pri:0, instance:LoginPage.looginPage@36b4fe2a]" started-at="2025-07-31T14:49:46 IST" name="extentReport" finished-at="2025-07-31T14:49:46 IST" duration-ms="480" status="PASS">
          <reporter-output>
          </reporter-output>
        </test-method> <!-- extentReport -->
        <test-method is-config="true" signature="openBrowser()[pri:0, instance:LoginPage.looginPage@36b4fe2a]" started-at="2025-07-31T14:49:46 IST" name="openBrowser" finished-at="2025-07-31T14:50:02 IST" duration-ms="15299" status="PASS">
          <reporter-output>
          </reporter-output>
        </test-method> <!-- openBrowser -->
        <test-method signature="loginFiled()[pri:0, instance:LoginPage.looginPage@36b4fe2a]" started-at="2025-07-31T14:50:02 IST" name="loginFiled" finished-at="2025-07-31T14:50:04 IST" duration-ms="2112" status="PASS">
          <reporter-output>
            <line>
              <![CDATA[Test case PASSED: loginFiled]]>
            </line>
          </reporter-output>
        </test-method> <!-- loginFiled -->
        <test-method is-config="true" signature="reportBackup()[pri:0, instance:LoginPage.looginPage@36b4fe2a]" started-at="2025-07-31T14:50:04 IST" name="reportBackup" finished-at="2025-07-31T14:50:04 IST" duration-ms="519" status="PASS">
          <reporter-output>
          </reporter-output>
        </test-method> <!-- reportBackup -->
      </class> <!-- LoginPage.looginPage -->
    </test> <!-- Default test -->
  </suite> <!-- Default suite -->
</testng-results>
